This is pdfTeX, Version 3.14159265-2.6-1.40.16 (TeX Live 2015/Debian) (preloaded format=pdflatex 2018.10.6)  6 OCT 2018 15:12
entering extended mode
 restricted \write18 enabled.
 file:line:error style messages enabled.
 %&-line parsing enabled.
**friggeri-template.tex
(./friggeri-template.tex
LaTeX2e <2016/02/01>
Babel <3.9q> and hyphenation patterns for 6 language(s) loaded.

! LaTeX Error: File `cv-style.cls' not found.

Type X to quit or <RETURN> to proceed,
or enter new name. (Default extension: cls)

Enter file name: 
./friggeri-template.tex:6: Emergency stop.
<read *> 
         
l.6 ^^M
       
*** (cannot \read from terminal in nonstop modes)

 
Here is how much of TeX's memory you used:
 10 strings out of 494888
 235 string characters out of 6179127
 45820 words of memory out of 5000000
 3410 multiletter control sequences out of 15000+600000
 3640 words of font info for 14 fonts, out of 8000000 for 9000
 38 hyphenation exceptions out of 8191
 10i,0n,7p,163b,8s stack positions out of 5000i,500n,10000p,200000b,80000s
./friggeri-template.tex:6:  ==> Fatal error occurred, no output PDF file produced!
